## **📋 Summary: Changes Made to Get PX4 Agent Commands Working**

---

### **🔧 Critical Changes**

#### **1. Port Configuration**
**Problem:** Agent couldn't receive MAVLink responses from PX4  
**Solution:** Changed from various failed port configs to final working setup:

```ini
# Final working configuration:
Environment="PX4_URL=udpout:127.0.0.1:14570"
```

**PX4 MAVLink instance:**
```bash
# In PX4 console - bidirectional UDP on port 14570 (no -o flag)
mavlink start -x -u 14570 -r 4000000 -m onboard -f
```

**Why it works:** Removing the `-o` (remote port) flag makes PX4's MAVLink instance bidirectional - it replies back to whoever sends data to it.

---

#### **2. Wait for Heartbeat Before Commands**
**Problem:** Commands sent to system ID 0/0 were ignored by PX4  
**Added to agent code:**

```python
log.info(f"Connecting to PX4 at {PX4_URL} ...")
mav = mavutil.mavlink_connection(PX4_URL)

# ADDED: Wait for heartbeat to get target system/component IDs
log.info("Waiting for PX4 heartbeat...")
mav.wait_heartbeat(timeout=10)
log.info(f"✓ Heartbeat received: system={mav.target_system}, component={mav.target_component}")

if mav.target_system == 0:
    mav.target_system = 1
if mav.target_component == 0:
    mav.target_component = 1
```

**Why it works:** This ensures commands are addressed to PX4's actual system ID (1/1) instead of 0/0.

---

#### **3. Mode Verification Fallback**
**Problem:** COMMAND_ACK messages not being received reliably  
**Solution:** Already existed in agent code - verifies command execution by checking mode change:

```python
# If no COMMAND_ACK, check if mode changed to expected state
msg = mav.recv_match(type='HEARTBEAT', blocking=True, timeout=1)
if msg:
    mode_name = decode_custom_mode(msg.custom_mode)
    if "RTL" in mode_name:
        log.info("✅ Mode verification: RTL active despite no ACK")
        return (True, {...})
```

**Why it works:** Even without explicit ACK, the agent confirms execution by verifying PX4 is in the expected mode.

---

#### **4. Enhanced Logging**
**Added comprehensive debug logging:**
- MQTT connection status with error codes
- Subscription confirmation
- Message reception (`on_message` called)
- MAVLink send/receive status
- Test for bidirectional communication

**Key additions:**
```python
def on_message(client, userdata, msg):
    log.info(f"🔔 on_message CALLED!")
    log.info(f"   Topic: {msg.topic}")
    log.info(f"   Payload: {payload[:100]}...")
    # ... rest of handler

# In wait_for_command_ack:
log.info("🔍 Testing if we can receive any MAVLink messages...")
test_msg = mav.recv_match(blocking=True, timeout=2)
if test_msg:
    log.info(f"✅ Received test message: {test_msg.get_type()}")
```

---

#### **5. Fixed Environment Variable**
**Problem:** Service file had duplicate variable name  
**Before:**
```ini
Environment="PX4_URL=PX4_URL=udpout:127.0.0.1:14570"
```

**After:**
```ini
Environment="PX4_URL=udpout:127.0.0.1:14570"
```

---

### **📊 Final Working Configuration**

**PX4 MAVLink Instances:**
```bash
# Instance #4: Telemetry pipeline
mavlink start -x -u 14561 -o 14560 -r 4000000 -m onboard -f

# Instance #5: Command agent (bidirectional)
mavlink start -x -u 14570 -r 4000000 -m onboard -f
```

**Agent Service (`/etc/systemd/system/px4-agent.service`):**
```ini
[Service]
Environment="DRONE_ID=drone-01"
Environment="PX4_URL=udpout:127.0.0.1:14570"
Environment="MQTT_HOST=127.0.0.1"
Environment="MQTT_PORT=1883"
Environment="MQTT_USER=drone"
```

**Agent Code Changes:**
- Added `mav.wait_heartbeat()` before sending commands
- Added debug logging throughout
- Mode verification fallback (already existed, now being used)

---

### **✅ End Result**

**Working flow:**
1. MQTT command received ✅
2. MAVLink command sent to PX4 (system 1/1) ✅
3. PX4 executes command ✅
4. Agent verifies via mode check ✅
5. EXECUTED ACK published to MQTT ✅

**Key insight:** The agent can send AND receive MAVLink messages using `udpout` to a bidirectional PX4 MAVLink instance (created without `-o` flag).